Android_DGPApp_LECTURA/app/build/outputs/logs/manifest-merger-debug-report.txt
-- Merging decision tree log ---
manifest
ADDED from AndroidManifest.xml:3:1
	package
		ADDED from AndroidManifest.xml:5:5
		INJECTED from AndroidManifest.xml:0:0
		INJECTED from AndroidManifest.xml:0:0
	android:versionName
		ADDED from AndroidManifest.xml:7:5
	android:versionCode
		ADDED from AndroidManifest.xml:6:5
		INJECTED from AndroidManifest.xml:0:0
		INJECTED from AndroidManifest.xml:0:0
	xmlns:android
		ADDED from AndroidManifest.xml:4:5
uses-sdk
ADDED from AndroidManifest.xml:9:5
MERGED from Android_DGPApp_LECTURA:dniedroid:unspecified:7:5
	android:targetSdkVersion
		ADDED from AndroidManifest.xml:9:42
		INJECTED from AndroidManifest.xml:0:0
		INJECTED from AndroidManifest.xml:0:0
	android:minSdkVersion
		ADDED from AndroidManifest.xml:9:15
		INJECTED from AndroidManifest.xml:0:0
		INJECTED from AndroidManifest.xml:0:0
uses-feature#android.hardware.nfc
ADDED from AndroidManifest.xml:11:5
MERGED from Android_DGPApp_LECTURA:dniedroid:unspecified:11:5
	android:required
		ADDED from AndroidManifest.xml:11:55
	android:name
		ADDED from AndroidManifest.xml:11:19
uses-permission#android.permission.INTERNET
ADDED from AndroidManifest.xml:12:5
	android:name
		ADDED from AndroidManifest.xml:12:22
uses-permission#android.permission.WRITE_EXTERNAL_STORAGE
ADDED from AndroidManifest.xml:13:5
	android:name
		ADDED from AndroidManifest.xml:13:22
uses-permission#android.permission.NFC
ADDED from AndroidManifest.xml:14:5
MERGED from Android_DGPApp_LECTURA:dniedroid:unspecified:15:5
	android:name
		ADDED from AndroidManifest.xml:14:22
application
ADDED from AndroidManifest.xml:16:5
MERGED from Android_DGPApp_LECTURA:dniedroid:unspecified:17:5
	android:label
		ADDED from AndroidManifest.xml:21:9
	android:hardwareAccelerated
		ADDED from AndroidManifest.xml:20:9
	android:allowBackup
		ADDED from AndroidManifest.xml:17:9
	android:icon
		ADDED from AndroidManifest.xml:19:9
	android:theme
		ADDED from Android_DGPApp_LECTURA:dniedroid:unspecified:20:9
	android:name
		ADDED from AndroidManifest.xml:18:9
activity#com.dnielectura.DNIeLectura
ADDED from AndroidManifest.xml:22:9
	android:screenOrientation
		ADDED from AndroidManifest.xml:25:13
	android:label
		ADDED from AndroidManifest.xml:24:13
	android:name
		ADDED from AndroidManifest.xml:23:13
intent-filter#android.intent.action.MAIN+android.intent.category.LAUNCHER
ADDED from AndroidManifest.xml:26:13
action#android.intent.action.MAIN
ADDED from AndroidManifest.xml:27:17
	android:name
		ADDED from AndroidManifest.xml:27:25
category#android.intent.category.LAUNCHER
ADDED from AndroidManifest.xml:28:17
	android:name
		ADDED from AndroidManifest.xml:28:27
activity#com.dnielectura.NFCOperationsEnc
ADDED from AndroidManifest.xml:32:9
	android:enabled
		ADDED from AndroidManifest.xml:36:13
	android:screenOrientation
		ADDED from AndroidManifest.xml:34:13
	android:label
		ADDED from AndroidManifest.xml:33:13
	android:launchMode
		ADDED from AndroidManifest.xml:35:13
	android:name
		ADDED from AndroidManifest.xml:32:19
intent-filter#android.intent.category.DEFAULT+android.nfc.action.TAG_DISCOVERED
ADDED from AndroidManifest.xml:37:13
action#android.nfc.action.TAG_DISCOVERED
ADDED from AndroidManifest.xml:38:17
	android:name
		ADDED from AndroidManifest.xml:38:25
category#android.intent.category.DEFAULT
ADDED from AndroidManifest.xml:39:17
	android:name
		ADDED from AndroidManifest.xml:39:27
meta-data#android.nfc.action.TAG_DISCOVERED
ADDED from AndroidManifest.xml:41:13
	android:resource
		ADDED from AndroidManifest.xml:43:17
	android:name
		ADDED from AndroidManifest.xml:42:17
activity#com.dnielectura.NFCOperationsEncKitKat
ADDED from AndroidManifest.xml:46:9
	android:screenOrientation
		ADDED from AndroidManifest.xml:48:13
	android:label
		ADDED from AndroidManifest.xml:47:13
	android:name
		ADDED from AndroidManifest.xml:46:19
activity#com.dnielectura.DNIeCanSelection
ADDED from AndroidManifest.xml:50:9
	android:screenOrientation
		ADDED from AndroidManifest.xml:52:13
	android:label
		ADDED from AndroidManifest.xml:51:13
	android:name
		ADDED from AndroidManifest.xml:50:19
activity#com.dnielectura.DNIeReader
ADDED from AndroidManifest.xml:54:9
	android:screenOrientation
		ADDED from AndroidManifest.xml:56:13
	android:label
		ADDED from AndroidManifest.xml:55:13
	android:name
		ADDED from AndroidManifest.xml:54:19
activity#com.dnielectura.DataResult
ADDED from AndroidManifest.xml:58:9
	android:screenOrientation
		ADDED from AndroidManifest.xml:60:13
	android:label
		ADDED from AndroidManifest.xml:59:13
	android:name
		ADDED from AndroidManifest.xml:58:19
activity#com.dnielectura.DataConfiguration
ADDED from AndroidManifest.xml:62:9
	android:screenOrientation
		ADDED from AndroidManifest.xml:64:13
	android:label
		ADDED from AndroidManifest.xml:63:13
	android:name
		ADDED from AndroidManifest.xml:62:19
activity#com.dnielectura.DNIeHelp
ADDED from AndroidManifest.xml:66:9
	android:screenOrientation
		ADDED from AndroidManifest.xml:68:13
	android:label
		ADDED from AndroidManifest.xml:67:13
	android:name
		ADDED from AndroidManifest.xml:66:19
activity#com.dnielectura.DataErrorActivity
ADDED from AndroidManifest.xml:70:9
	android:screenOrientation
		ADDED from AndroidManifest.xml:72:13
	android:label
		ADDED from AndroidManifest.xml:71:13
	android:name
		ADDED from AndroidManifest.xml:70:19